Analysis & Synthesis report for top
Thu Apr 16 10:42:08 2015
Quartus II 32-bit Version 13.0.0 Build 156 04/24/2013 SJ Full Version


---------------------
; Table of Contents ;
---------------------
  1. Legal Notice
  2. Analysis & Synthesis Summary
  3. Analysis & Synthesis Settings
  4. Parallel Compilation
  5. Analysis & Synthesis IP Cores Summary
  6. Analysis & Synthesis Messages



----------------
; Legal Notice ;
----------------
Copyright (C) 1991-2013 Altera Corporation
Your use of Altera Corporation's design tools, logic functions 
and other software and tools, and its AMPP partner logic 
functions, and any output files from any of the foregoing 
(including device programming or simulation files), and any 
associated documentation or information are expressly subject 
to the terms and conditions of the Altera Program License 
Subscription Agreement, Altera MegaCore Function License 
Agreement, or other applicable license agreement, including, 
without limitation, that your use is for the sole purpose of 
programming logic devices manufactured by Altera and sold by 
Altera or its authorized distributors.  Please refer to the 
applicable agreement for further details.



+----------------------------------------------------------------------------------+
; Analysis & Synthesis Summary                                                     ;
+------------------------------------+---------------------------------------------+
; Analysis & Synthesis Status        ; Failed - Thu Apr 16 10:42:08 2015           ;
; Quartus II 32-bit Version          ; 13.0.0 Build 156 04/24/2013 SJ Full Version ;
; Revision Name                      ; top                                         ;
; Top-level Entity Name              ; top                                         ;
; Family                             ; Cyclone IV E                                ;
; Total logic elements               ; N/A until Partition Merge                   ;
;     Total combinational functions  ; N/A until Partition Merge                   ;
;     Dedicated logic registers      ; N/A until Partition Merge                   ;
; Total registers                    ; N/A until Partition Merge                   ;
; Total pins                         ; N/A until Partition Merge                   ;
; Total virtual pins                 ; N/A until Partition Merge                   ;
; Total memory bits                  ; N/A until Partition Merge                   ;
; Embedded Multiplier 9-bit elements ; N/A until Partition Merge                   ;
; Total PLLs                         ; N/A until Partition Merge                   ;
+------------------------------------+---------------------------------------------+


+----------------------------------------------------------------------------------------------------------------------+
; Analysis & Synthesis Settings                                                                                        ;
+----------------------------------------------------------------------------+--------------------+--------------------+
; Option                                                                     ; Setting            ; Default Value      ;
+----------------------------------------------------------------------------+--------------------+--------------------+
; Device                                                                     ; EP4CE115F29C7      ;                    ;
; Top-level entity name                                                      ; top                ; top                ;
; Family name                                                                ; Cyclone IV E       ; Cyclone IV GX      ;
; Use smart compilation                                                      ; On                 ; Off                ;
; Maximum processors allowed for parallel compilation                        ; All                ;                    ;
; Optimization Technique                                                     ; Speed              ; Balanced           ;
; Enable parallel Assembler and TimeQuest Timing Analyzer during compilation ; On                 ; On                 ;
; Enable compact report table                                                ; Off                ; Off                ;
; Restructure Multiplexers                                                   ; Auto               ; Auto               ;
; Create Debugging Nodes for IP Cores                                        ; Off                ; Off                ;
; Preserve fewer node names                                                  ; On                 ; On                 ;
; Disable OpenCore Plus hardware evaluation                                  ; Off                ; Off                ;
; Verilog Version                                                            ; Verilog_2001       ; Verilog_2001       ;
; VHDL Version                                                               ; VHDL_1993          ; VHDL_1993          ;
; State Machine Processing                                                   ; Auto               ; Auto               ;
; Safe State Machine                                                         ; Off                ; Off                ;
; Extract Verilog State Machines                                             ; On                 ; On                 ;
; Extract VHDL State Machines                                                ; On                 ; On                 ;
; Ignore Verilog initial constructs                                          ; Off                ; Off                ;
; Iteration limit for constant Verilog loops                                 ; 5000               ; 5000               ;
; Iteration limit for non-constant Verilog loops                             ; 250                ; 250                ;
; Add Pass-Through Logic to Inferred RAMs                                    ; On                 ; On                 ;
; Infer RAMs from Raw Logic                                                  ; On                 ; On                 ;
; Parallel Synthesis                                                         ; On                 ; On                 ;
; DSP Block Balancing                                                        ; Auto               ; Auto               ;
; NOT Gate Push-Back                                                         ; On                 ; On                 ;
; Power-Up Don't Care                                                        ; On                 ; On                 ;
; Remove Redundant Logic Cells                                               ; Off                ; Off                ;
; Remove Duplicate Registers                                                 ; On                 ; On                 ;
; Ignore CARRY Buffers                                                       ; Off                ; Off                ;
; Ignore CASCADE Buffers                                                     ; Off                ; Off                ;
; Ignore GLOBAL Buffers                                                      ; Off                ; Off                ;
; Ignore ROW GLOBAL Buffers                                                  ; Off                ; Off                ;
; Ignore LCELL Buffers                                                       ; Off                ; Off                ;
; Ignore SOFT Buffers                                                        ; On                 ; On                 ;
; Limit AHDL Integers to 32 Bits                                             ; Off                ; Off                ;
; Carry Chain Length                                                         ; 70                 ; 70                 ;
; Auto Carry Chains                                                          ; On                 ; On                 ;
; Auto Open-Drain Pins                                                       ; On                 ; On                 ;
; Perform WYSIWYG Primitive Resynthesis                                      ; Off                ; Off                ;
; Auto ROM Replacement                                                       ; On                 ; On                 ;
; Auto RAM Replacement                                                       ; On                 ; On                 ;
; Auto DSP Block Replacement                                                 ; On                 ; On                 ;
; Auto Shift Register Replacement                                            ; Auto               ; Auto               ;
; Allow Shift Register Merging across Hierarchies                            ; Auto               ; Auto               ;
; Auto Clock Enable Replacement                                              ; On                 ; On                 ;
; Strict RAM Replacement                                                     ; Off                ; Off                ;
; Allow Synchronous Control Signals                                          ; On                 ; On                 ;
; Force Use of Synchronous Clear Signals                                     ; Off                ; Off                ;
; Auto RAM Block Balancing                                                   ; On                 ; On                 ;
; Auto RAM to Logic Cell Conversion                                          ; Off                ; Off                ;
; Auto Resource Sharing                                                      ; Off                ; Off                ;
; Allow Any RAM Size For Recognition                                         ; Off                ; Off                ;
; Allow Any ROM Size For Recognition                                         ; Off                ; Off                ;
; Allow Any Shift Register Size For Recognition                              ; Off                ; Off                ;
; Use LogicLock Constraints during Resource Balancing                        ; On                 ; On                 ;
; Ignore translate_off and synthesis_off directives                          ; Off                ; Off                ;
; Timing-Driven Synthesis                                                    ; On                 ; On                 ;
; Report Parameter Settings                                                  ; On                 ; On                 ;
; Report Source Assignments                                                  ; On                 ; On                 ;
; Report Connectivity Checks                                                 ; On                 ; On                 ;
; Ignore Maximum Fan-Out Assignments                                         ; Off                ; Off                ;
; Synchronization Register Chain Length                                      ; 2                  ; 2                  ;
; PowerPlay Power Optimization                                               ; Normal compilation ; Normal compilation ;
; HDL message level                                                          ; Level2             ; Level2             ;
; Suppress Register Optimization Related Messages                            ; Off                ; Off                ;
; Number of Removed Registers Reported in Synthesis Report                   ; 5000               ; 5000               ;
; Number of Swept Nodes Reported in Synthesis Report                         ; 5000               ; 5000               ;
; Number of Inverted Registers Reported in Synthesis Report                  ; 100                ; 100                ;
; Clock MUX Protection                                                       ; On                 ; On                 ;
; Auto Gated Clock Conversion                                                ; Off                ; Off                ;
; Block Design Naming                                                        ; Auto               ; Auto               ;
; SDC constraint protection                                                  ; Off                ; Off                ;
; Synthesis Effort                                                           ; Auto               ; Auto               ;
; Shift Register Replacement - Allow Asynchronous Clear Signal               ; On                 ; On                 ;
; Pre-Mapping Resynthesis Optimization                                       ; Off                ; Off                ;
; Analysis & Synthesis Message Level                                         ; Medium             ; Medium             ;
; Disable Register Merging Across Hierarchies                                ; Auto               ; Auto               ;
; Resource Aware Inference For Block RAM                                     ; On                 ; On                 ;
; Synthesis Seed                                                             ; 1                  ; 1                  ;
+----------------------------------------------------------------------------+--------------------+--------------------+


+------------------------------------------+
; Parallel Compilation                     ;
+----------------------------+-------------+
; Processors                 ; Number      ;
+----------------------------+-------------+
; Number detected on machine ; 8           ;
; Maximum allowed            ; 4           ;
;                            ;             ;
; Average used               ; 1.00        ;
; Maximum used               ; 1           ;
;                            ;             ;
; Usage by Processor         ; % Time Used ;
;     Processor 1            ; 100.0%      ;
;     Processors 2-8         ;   0.0%      ;
+----------------------------+-------------+


+-------------------------------------------------------------------------------------------------------------------------------------------------------------------------------------------------------------------------------------------------------------------------------------------------------------------------------------------------------------+
; Analysis & Synthesis IP Cores Summary                                                                                                                                                                                                                                                                                                                       ;
+--------+--------------+---------+--------------+--------------+-----------------------------------------------------------------------------------------------------------------------------------------------------------------------------+---------------------------------------------------------------------------------------------------------------+
; Vendor ; IP Core Name ; Version ; Release Date ; License Type ; Entity Instance                                                                                                                                                             ; IP Include File                                                                                               ;
+--------+--------------+---------+--------------+--------------+-----------------------------------------------------------------------------------------------------------------------------------------------------------------------------+---------------------------------------------------------------------------------------------------------------+
; Altera ; ALTPLL       ; N/A     ; N/A          ; N/A          ; |top|clocks:u1|pll:u1                                                                                                                                                       ; /afs/umich.edu/user/j/p/jpmorrow/Documents/ENGR 100/team14-project/e100_v2/pll.v                              ;
; Altera ; RAM: 1-PORT  ; N/A     ; N/A          ; N/A          ; |top|ram:u28                                                                                                                                                                ; /afs/umich.edu/user/j/p/jpmorrow/Documents/ENGR 100/team14-project/e100_v2/ram.v                              ;
; Altera ; RAM: 1-PORT  ; N/A     ; N/A          ; N/A          ; |top|ps2_keyboard:u65|keyboard_ram:u1                                                                                                                                       ; /afs/umich.edu/user/j/p/jpmorrow/Documents/ENGR 100/team14-project/e100_v2/keyboard_ram.v                     ;
; Altera ; FIFO         ; N/A     ; N/A          ; N/A          ; |top|ps2_keyboard:u65|ps2_serial:u3|ps2_serial_buf:u1                                                                                                                       ; /afs/umich.edu/user/j/p/jpmorrow/Documents/ENGR 100/team14-project/e100_v2/ps2_serial_buf.v                   ;
; Altera ; RAM: 1-PORT  ; N/A     ; N/A          ; N/A          ; |top|usb:u96|usbram:u23                                                                                                                                                     ; /afs/umich.edu/user/j/p/jpmorrow/Documents/ENGR 100/team14-project/e100_v2/usbram.v                           ;
; Altera ; RAM: 2-PORT  ; N/A     ; N/A          ; N/A          ; |top|sd:u109|Altera_UP_SD_Card_Avalon_Interface:u1|Altera_UP_SD_Card_Interface:SD_Card_Port|Altera_UP_SD_Card_Buffer:data_line|Altera_UP_SD_Card_Memory_Block:packet_memory ; /afs/umich.edu/user/j/p/jpmorrow/Documents/ENGR 100/team14-project/e100_v2/Altera_UP_SD_Card_Memory_Block.vhd ;
; Altera ; FIFO         ; N/A     ; N/A          ; N/A          ; |top|serial_receive:u116|serial_receive_fifo:u1                                                                                                                             ; /afs/umich.edu/user/j/p/jpmorrow/Documents/ENGR 100/team14-project/e100_v2/serial_receive_fifo.v              ;
; Altera ; ALTMULT_ADD  ; N/A     ; N/A          ; N/A          ; |top|camera:u124|YCbCr2RGB:cnv|MAC_3:u0                                                                                                                                     ; /afs/umich.edu/user/j/p/jpmorrow/Documents/ENGR 100/team14-project/e100_v2/MAC_3.v                            ;
; Altera ; ALTMULT_ADD  ; N/A     ; N/A          ; N/A          ; |top|camera:u124|YCbCr2RGB:cnv|MAC_3:u1                                                                                                                                     ; /afs/umich.edu/user/j/p/jpmorrow/Documents/ENGR 100/team14-project/e100_v2/MAC_3.v                            ;
; Altera ; ALTMULT_ADD  ; N/A     ; N/A          ; N/A          ; |top|camera:u124|YCbCr2RGB:cnv|MAC_3:u2                                                                                                                                     ; /afs/umich.edu/user/j/p/jpmorrow/Documents/ENGR 100/team14-project/e100_v2/MAC_3.v                            ;
; Altera ; FIFO         ; N/A     ; N/A          ; N/A          ; |top|camera:u124|camera_fifo:vdf1                                                                                                                                           ; /afs/umich.edu/user/j/p/jpmorrow/Documents/ENGR 100/team14-project/e100_v2/camera_fifo.v                      ;
; Altera ; FFT          ; 13.0    ; N/A          ; N/A          ; |top|fft:u131|fft_core:core                                                                                                                                                 ; /afs/umich.edu/user/j/p/jpmorrow/Documents/ENGR 100/team14-project/e100_v2/fft_core.v                         ;
+--------+--------------+---------+--------------+--------------+-----------------------------------------------------------------------------------------------------------------------------------------------------------------------------+---------------------------------------------------------------------------------------------------------------+


+-------------------------------+
; Analysis & Synthesis Messages ;
+-------------------------------+
Info: *******************************************************************
Info: Running Quartus II 32-bit Analysis & Synthesis
    Info: Version 13.0.0 Build 156 04/24/2013 SJ Full Version
    Info: Processing started: Thu Apr 16 10:41:46 2015
Info: Command: quartus_map --read_settings_files=on --write_settings_files=off top -c top
Info (11104): Parallel Compilation has detected 8 hyper-threaded processors. However, the extra hyper-threaded processors will not be used by default. Parallel Compilation will use 4 of the 4 physical processors detected instead.
Info (12021): Found 1 design units, including 1 entities, in source file tristate.v
    Info (12023): Found entity 1: tristate
Info (12021): Found 1 design units, including 1 entities, in source file sub.v
    Info (12023): Found entity 1: sub
Info (12021): Found 1 design units, including 1 entities, in source file sr.v
    Info (12023): Found entity 1: sr
Info (12021): Found 1 design units, including 1 entities, in source file sl.v
    Info (12023): Found entity 1: sl
Info (12021): Found 1 design units, including 1 entities, in source file reset_toggle.v
    Info (12023): Found entity 1: reset_toggle
Info (12021): Found 1 design units, including 1 entities, in source file register.v
    Info (12023): Found entity 1: register
Info (12021): Found 1 design units, including 1 entities, in source file ram.v
    Info (12023): Found entity 1: ram
Info (12021): Found 1 design units, including 1 entities, in source file plus1.v
    Info (12023): Found entity 1: plus1
Info (12021): Found 1 design units, including 1 entities, in source file mult.v
    Info (12023): Found entity 1: mult
Info (12021): Found 1 design units, including 1 entities, in source file lt.v
    Info (12023): Found entity 1: lt
Info (12021): Found 1 design units, including 1 entities, in source file hexdigit.v
    Info (12023): Found entity 1: hexdigit
Info (12021): Found 1 design units, including 1 entities, in source file equal.v
    Info (12023): Found entity 1: equal
Info (12021): Found 1 design units, including 1 entities, in source file div.v
    Info (12023): Found entity 1: div
Info (12021): Found 1 design units, including 1 entities, in source file bit_or.v
    Info (12023): Found entity 1: bit_or
Info (12021): Found 1 design units, including 1 entities, in source file bit_not.v
    Info (12023): Found entity 1: bit_not
Info (12021): Found 1 design units, including 1 entities, in source file bit_and.v
    Info (12023): Found entity 1: bit_and
Info (12021): Found 1 design units, including 1 entities, in source file add.v
    Info (12023): Found entity 1: add
Info (12021): Found 2 design units, including 1 entities, in source file Altera_UP_SD_Card_48_bit_Command_Generator.vhd
    Info (12022): Found design unit 1: Altera_UP_SD_Card_48_bit_Command_Generator-rtl
    Info (12023): Found entity 1: Altera_UP_SD_Card_48_bit_Command_Generator
Info (12021): Found 1 design units, including 1 entities, in source file YCbCr2RGB.v
    Info (12023): Found entity 1: YCbCr2RGB
Info (12021): Found 1 design units, including 1 entities, in source file vga.v
    Info (12023): Found entity 1: vga
Info (12021): Found 1 design units, including 1 entities, in source file usbram.v
    Info (12023): Found entity 1: usbram
Info (12021): Found 1 design units, including 1 entities, in source file usb.v
    Info (12023): Found entity 1: usb
Info (12021): Found 1 design units, including 1 entities, in source file top.v
    Info (12023): Found entity 1: top
Info (12021): Found 1 design units, including 1 entities, in source file timer.v
    Info (12023): Found entity 1: timer
Info (12021): Found 1 design units, including 1 entities, in source file synchronizer.v
    Info (12023): Found entity 1: synchronizer
Info (12021): Found 1 design units, including 1 entities, in source file speaker.v
    Info (12023): Found entity 1: speaker
Info (12021): Found 1 design units, including 1 entities, in source file serial_send.v
    Info (12023): Found entity 1: serial_send
Info (12021): Found 1 design units, including 1 entities, in source file serial_receive_fifo.v
    Info (12023): Found entity 1: serial_receive_fifo
Info (12021): Found 1 design units, including 1 entities, in source file serial_receive.v
    Info (12023): Found entity 1: serial_receive
Info (12021): Found 1 design units, including 1 entities, in source file sdram.v
    Info (12023): Found entity 1: sdram
Info (12021): Found 1 design units, including 1 entities, in source file sd.v
    Info (12023): Found entity 1: sd
Info (12021): Found 1 design units, including 1 entities, in source file ps2_serial_buf.v
    Info (12023): Found entity 1: ps2_serial_buf
Info (12021): Found 1 design units, including 1 entities, in source file ps2_serial.v
    Info (12023): Found entity 1: ps2_serial
Info (12021): Found 2 design units, including 2 entities, in source file ps2_keyboard.v
    Info (12023): Found entity 1: ps2_keyboard
    Info (12023): Found entity 2: scancode2ascii
Info (12021): Found 1 design units, including 1 entities, in source file pll.v
    Info (12023): Found entity 1: pll
Info (12021): Found 1 design units, including 1 entities, in source file out_port.v
    Info (12023): Found entity 1: out_port
Info (12021): Found 1 design units, including 1 entities, in source file microphone.v
    Info (12023): Found entity 1: microphone
Info (12021): Found 1 design units, including 1 entities, in source file MAC_3.v
    Info (12023): Found entity 1: MAC_3
Info (12021): Found 1 design units, including 1 entities, in source file lcd.v
    Info (12023): Found entity 1: lcd
Info (12021): Found 1 design units, including 1 entities, in source file keyboard_ram.v
    Info (12023): Found entity 1: keyboard_ram
Info (12021): Found 1 design units, including 1 entities, in source file inout_port.v
    Info (12023): Found entity 1: inout_port
Info (12021): Found 1 design units, including 1 entities, in source file in_port.v
    Info (12023): Found entity 1: in_port
Info (12021): Found 1 design units, including 1 entities, in source file i2c_config.v
    Info (12023): Found entity 1: i2c_config
Info (12021): Found 1 design units, including 1 entities, in source file fft.v
    Info (12023): Found entity 1: fft
Info (12021): Found 1 design units, including 1 entities, in source file control.v
    Info (12023): Found entity 1: control
Info (12021): Found 1 design units, including 1 entities, in source file clocks.v
    Info (12023): Found entity 1: clocks
Info (12021): Found 1 design units, including 1 entities, in source file camera_fifo.v
    Info (12023): Found entity 1: camera_fifo
Info (12021): Found 1 design units, including 1 entities, in source file camera.v
    Info (12023): Found entity 1: camera
Info (12021): Found 2 design units, including 1 entities, in source file Altera_UP_SD_Signal_Trigger.vhd
    Info (12022): Found design unit 1: Altera_UP_SD_Signal_Trigger-rtl
    Info (12023): Found entity 1: Altera_UP_SD_Signal_Trigger
Info (12021): Found 2 design units, including 1 entities, in source file Altera_UP_SD_CRC16_Generator.vhd
    Info (12022): Found design unit 1: Altera_UP_SD_CRC16_Generator-rtl
    Info (12023): Found entity 1: Altera_UP_SD_CRC16_Generator
Info (12021): Found 2 design units, including 1 entities, in source file Altera_UP_SD_CRC7_Generator.vhd
    Info (12022): Found design unit 1: Altera_UP_SD_CRC7_Generator-rtl
    Info (12023): Found entity 1: Altera_UP_SD_CRC7_Generator
Info (12021): Found 2 design units, including 1 entities, in source file Altera_UP_SD_Card_Response_Receiver.vhd
    Info (12022): Found design unit 1: Altera_UP_SD_Card_Response_Receiver-rtl
    Info (12023): Found entity 1: Altera_UP_SD_Card_Response_Receiver
Info (12021): Found 2 design units, including 1 entities, in source file Altera_UP_SD_Card_Memory_Block.vhd
    Info (12022): Found design unit 1: altera_up_sd_card_memory_block-SYN
    Info (12023): Found entity 1: Altera_UP_SD_Card_Memory_Block
Info (12021): Found 2 design units, including 1 entities, in source file Altera_UP_SD_Card_Interface.vhd
    Info (12022): Found design unit 1: Altera_UP_SD_Card_Interface-rtl
    Info (12023): Found entity 1: Altera_UP_SD_Card_Interface
Info (12021): Found 2 design units, including 1 entities, in source file Altera_UP_SD_Card_Control_FSM.vhd
    Info (12022): Found design unit 1: Altera_UP_SD_Card_Control_FSM-rtl
    Info (12023): Found entity 1: Altera_UP_SD_Card_Control_FSM
Info (12021): Found 2 design units, including 1 entities, in source file Altera_UP_SD_Card_Clock.vhd
    Info (12022): Found design unit 1: Altera_UP_SD_Card_Clock-rtl
    Info (12023): Found entity 1: Altera_UP_SD_Card_Clock
Info (12021): Found 2 design units, including 1 entities, in source file Altera_UP_SD_Card_Buffer.vhd
    Info (12022): Found design unit 1: Altera_UP_SD_Card_Buffer-rtl
    Info (12023): Found entity 1: Altera_UP_SD_Card_Buffer
Info (12021): Found 2 design units, including 1 entities, in source file Altera_UP_SD_Card_Avalon_Interface.vhd
    Info (12022): Found design unit 1: Altera_UP_SD_Card_Avalon_Interface-rtl
    Info (12023): Found entity 1: Altera_UP_SD_Card_Avalon_Interface
Warning (12019): Can't analyze file -- file fft-library/twid_rom_fft_130.vhd is missing
Warning (12019): Can't analyze file -- file fft-library/auk_dspip_r22sdf_twrom_fft_130.vhd is missing
Warning (12019): Can't analyze file -- file fft-library/auk_dspip_r22sdf_top_fft_130.vhd is missing
Warning (12019): Can't analyze file -- file fft-library/auk_dspip_r22sdf_stg_pipe_fft_130.vhd is missing
Warning (12019): Can't analyze file -- file fft-library/auk_dspip_r22sdf_stg_out_pipe_fft_130.vhd is missing
Warning (12019): Can't analyze file -- file fft-library/auk_dspip_r22sdf_stage_fft_130.vhd is missing
Warning (12019): Can't analyze file -- file fft-library/auk_dspip_r22sdf_lib_pkg_fft_130.vhd is missing
Warning (12019): Can't analyze file -- file fft-library/auk_dspip_r22sdf_enable_control_fft_130.vhd is missing
Warning (12019): Can't analyze file -- file fft-library/auk_dspip_r22sdf_delay_fft_130.vhd is missing
Warning (12019): Can't analyze file -- file fft-library/auk_dspip_r22sdf_counter_fft_130.vhd is missing
Warning (12019): Can't analyze file -- file fft-library/auk_dspip_r22sdf_core_fft_130.vhd is missing
Warning (12019): Can't analyze file -- file fft-library/auk_dspip_r22sdf_cma_fft_130.vhd is missing
Warning (12019): Can't analyze file -- file fft-library/auk_dspip_r22sdf_cma_bfi_fp_fft_130.vhd is missing
Warning (12019): Can't analyze file -- file fft-library/auk_dspip_r22sdf_cma_adder_fp_fft_130.vhd is missing
Warning (12019): Can't analyze file -- file fft-library/auk_dspip_r22sdf_bfii_fft_130.vhd is missing
Warning (12019): Can't analyze file -- file fft-library/auk_dspip_r22sdf_bfi_fft_130.vhd is missing
Warning (12019): Can't analyze file -- file fft-library/auk_dspip_r22sdf_bf_control_fft_130.vhd is missing
Warning (12019): Can't analyze file -- file fft-library/auk_dspip_r22sdf_addsub_fft_130.vhd is missing
Warning (12019): Can't analyze file -- file fft-library/auk_dspip_r22sdf_adder_fp_fft_130.vhd is missing
Warning (12019): Can't analyze file -- file fft-library/auk_dspip_fpcompiler_asrf_fft_130.vhd is missing
Warning (12019): Can't analyze file -- file fft-library/auk_dspip_bit_reverse_reverse_carry_adder_fft_130.vhd is missing
Warning (12019): Can't analyze file -- file fft-library/auk_dspip_bit_reverse_core_fft_130.vhd is missing
Warning (12019): Can't analyze file -- file fft-library/auk_dspip_bit_reverse_addr_control_fft_130.vhd is missing
Warning (12019): Can't analyze file -- file fft-library/auk_dspip_avalon_streaming_source_model_fft_130.vhd is missing
Warning (12019): Can't analyze file -- file fft-library/auk_dspip_avalon_streaming_source_from_monitor_fft_130.vhd is missing
Warning (12019): Can't analyze file -- file fft-library/auk_dspip_avalon_streaming_sink_model_fft_130.vhd is missing
Warning (12019): Can't analyze file -- file fft-library/auk_dspip_avalon_streaming_monitor_fft_130.vhd is missing
Warning (12019): Can't analyze file -- file fft-library/auk_dspip_avalon_streaming_controller_pe_fft_130.vhd is missing
Warning (12019): Can't analyze file -- file fft-library/auk_dspip_avalon_streaming_block_source_fft_130.vhd is missing
Warning (12019): Can't analyze file -- file fft-library/auk_dspip_avalon_streaming_block_sink_fftfprvs_fft_130.vhd is missing
Warning (12019): Can't analyze file -- file fft-library/auk_dspip_avalon_streaming_block_sink_fft_130.vhd is missing
Warning (12019): Can't analyze file -- file fft-library/asj_fft_wrswgen_fft_130.vhd is missing
Warning (12019): Can't analyze file -- file fft-library/asj_fft_wrengen_fft_130.vhd is missing
Warning (12019): Can't analyze file -- file fft-library/asj_fft_unbburst_sose_ctrl_fft_130.vhd is missing
Warning (12019): Can't analyze file -- file fft-library/asj_fft_unbburst_ctrl_qe_fft_130.vhd is missing
Warning (12019): Can't analyze file -- file fft-library/asj_fft_unbburst_ctrl_fft_130.vhd is missing
Warning (12019): Can't analyze file -- file fft-library/asj_fft_unbburst_ctrl_de_fft_130.vhd is missing
Warning (12019): Can't analyze file -- file fft-library/asj_fft_twiddle_ctrl_qe_fft_130.vhd is missing
Warning (12019): Can't analyze file -- file fft-library/asj_fft_twid_rom_tdp_fft_130.vhd is missing
Warning (12019): Can't analyze file -- file fft-library/asj_fft_twadsogen_q_fft_130.vhd is missing
Warning (12019): Can't analyze file -- file fft-library/asj_fft_twadsogen_fft_130.vhd is missing
Warning (12019): Can't analyze file -- file fft-library/asj_fft_twadgen_fft_130.vhd is missing
Warning (12019): Can't analyze file -- file fft-library/asj_fft_twadgen_dual_fft_130.vhd is missing
Warning (12019): Can't analyze file -- file fft-library/asj_fft_tdl_rst_fft_130.vhd is missing
Warning (12019): Can't analyze file -- file fft-library/asj_fft_tdl_fft_130.vhd is missing
Warning (12019): Can't analyze file -- file fft-library/asj_fft_tdl_bit_rst_fft_130.vhd is missing
Warning (12019): Can't analyze file -- file fft-library/asj_fft_tdl_bit_fft_130.vhd is missing
Warning (12019): Can't analyze file -- file fft-library/asj_fft_si_sose_so_b_fft_130.vhd is missing
Warning (12019): Can't analyze file -- file fft-library/asj_fft_si_se_so_bb_fft_130.vhd is missing
Warning (12019): Can't analyze file -- file fft-library/asj_fft_si_se_so_b_fft_130.vhd is missing
Warning (12019): Can't analyze file -- file fft-library/asj_fft_si_qe_so_bb_fft_130.vhd is missing
Warning (12019): Can't analyze file -- file fft-library/asj_fft_si_qe_so_b_fft_130.vhd is missing
Warning (12019): Can't analyze file -- file fft-library/asj_fft_si_de_so_bb_fft_130.vhd is missing
Warning (12019): Can't analyze file -- file fft-library/asj_fft_si_de_so_b_fft_130.vhd is missing
Warning (12019): Can't analyze file -- file fft-library/asj_fft_sglstream_fft_130.vhd is missing
Warning (12019): Can't analyze file -- file fft-library/asj_fft_pround_fft_130.vhd is missing
Warning (12019): Can't analyze file -- file fft-library/asj_fft_mult_add_fft_130.vhd is missing
Warning (12019): Can't analyze file -- file fft-library/asj_fft_m_k_counter_fft_130.vhd is missing
Warning (12019): Can't analyze file -- file fft-library/asj_fft_lpprdadr2gen_fft_130.vhd is missing
Warning (12019): Can't analyze file -- file fft-library/asj_fft_lpprdadgen_fft_130.vhd is missing
Warning (12019): Can't analyze file -- file fft-library/asj_fft_lpp_serial_r2_fft_130.vhd is missing
Warning (12019): Can't analyze file -- file fft-library/asj_fft_lpp_serial_fft_130.vhd is missing
Warning (12019): Can't analyze file -- file fft-library/asj_fft_lpp_fft_130.vhd is missing
Warning (12019): Can't analyze file -- file fft-library/asj_fft_lcm_mult_fft_130.vhd is missing
Warning (12019): Can't analyze file -- file fft-library/asj_fft_lcm_mult_2m_fft_130.vhd is missing
Warning (12019): Can't analyze file -- file fft-library/asj_fft_in_write_sgl_fft_130.vhd is missing
Warning (12019): Can't analyze file -- file fft-library/asj_fft_dualstream_fft_130.vhd is missing
Warning (12019): Can't analyze file -- file fft-library/asj_fft_dpi_mram_fft_130.vhd is missing
Warning (12019): Can't analyze file -- file fft-library/asj_fft_dp_mram_fft_130.vhd is missing
Warning (12019): Can't analyze file -- file fft-library/asj_fft_dft_bfp_sgl_fft_130.vhd is missing
Warning (12019): Can't analyze file -- file fft-library/asj_fft_dft_bfp_fft_130.vhd is missing
Warning (12019): Can't analyze file -- file fft-library/asj_fft_dataadgen_fft_130.vhd is missing
Warning (12019): Can't analyze file -- file fft-library/asj_fft_data_ram_fft_130.vhd is missing
Warning (12019): Can't analyze file -- file fft-library/asj_fft_data_ram_dp_fft_130.vhd is missing
Warning (12019): Can't analyze file -- file fft-library/asj_fft_cxb_data_r_fft_130.vhd is missing
Warning (12019): Can't analyze file -- file fft-library/asj_fft_cxb_data_mram_fft_130.vhd is missing
Warning (12019): Can't analyze file -- file fft-library/asj_fft_cxb_data_fft_130.vhd is missing
Warning (12019): Can't analyze file -- file fft-library/asj_fft_cxb_addr_fft_130.vhd is missing
Warning (12019): Can't analyze file -- file fft-library/asj_fft_cnt_ctrl_fft_130.vhd is missing
Warning (12019): Can't analyze file -- file fft-library/asj_fft_cnt_ctrl_de_fft_130.vhd is missing
Warning (12019): Can't analyze file -- file fft-library/asj_fft_cmult_std_fft_130.vhd is missing
Warning (12019): Can't analyze file -- file fft-library/asj_fft_cmult_can_fft_130.vhd is missing
Warning (12019): Can't analyze file -- file fft-library/asj_fft_burst_ctrl_qe_fft_130.vhd is missing
Warning (12019): Can't analyze file -- file fft-library/asj_fft_burst_ctrl_fft_130.vhd is missing
Warning (12019): Can't analyze file -- file fft-library/asj_fft_burst_ctrl_de_fft_130.vhd is missing
Warning (12019): Can't analyze file -- file fft-library/asj_fft_bfp_o_fft_130.vhd is missing
Warning (12019): Can't analyze file -- file fft-library/asj_fft_bfp_o_1pt_fft_130.vhd is missing
Warning (12019): Can't analyze file -- file fft-library/asj_fft_bfp_i_fft_130.vhd is missing
Warning (12019): Can't analyze file -- file fft-library/asj_fft_bfp_i_1pt_fft_130.vhd is missing
Warning (12019): Can't analyze file -- file fft-library/asj_fft_bfp_ctrl_fft_130.vhd is missing
Warning (12019): Can't analyze file -- file fft-library/asj_fft_alt_shift_tdl_fft_130.vhd is missing
Warning (12019): Can't analyze file -- file fft-library/asj_fft_6tdp_rom_fft_130.vhd is missing
Warning (12019): Can't analyze file -- file fft-library/asj_fft_4dp_ram_fft_130.vhd is missing
Warning (12019): Can't analyze file -- file fft-library/asj_fft_3tdp_rom_fft_130.vhd is missing
Warning (12019): Can't analyze file -- file fft-library/asj_fft_3pi_mram_fft_130.vhd is missing
Warning (12019): Can't analyze file -- file fft-library/asj_fft_3dp_rom_fft_130.vhd is missing
Warning (12019): Can't analyze file -- file fft-library/asj_fft_1tdp_rom_fft_130.vhd is missing
Warning (12019): Can't analyze file -- file fft-library/asj_fft_1dp_ram_fft_130.vhd is missing
Warning (12019): Can't analyze file -- file fft-library/apn_hcc_usgnpos_fft_130.vhd is missing
Warning (12019): Can't analyze file -- file fft-library/apn_hcc_sgnpstn_fft_130.vhd is missing
Warning (12019): Can't analyze file -- file fft-library/apn_hcc_cntusgn32_fft_130.vhd is missing
Warning (12019): Can't analyze file -- file fft-library/apn_hcc_cntsgn32_fft_130.vhd is missing
Warning (12019): Can't analyze file -- file fft-library/apn_fftfprvs_twiddle_opt_fft_130.vhd is missing
Warning (12019): Can't analyze file -- file fft-library/apn_fftfprvs_top_fft_130.vhd is missing
Warning (12019): Can't analyze file -- file fft-library/apn_fftfprvs_stage_fft_130.vhd is missing
Warning (12019): Can't analyze file -- file fft-library/apn_fftfprvs_laststage_fft_130.vhd is missing
Warning (12019): Can't analyze file -- file fft-library/apn_fftfprvs_firststage_fft_130.vhd is missing
Warning (12019): Can't analyze file -- file fft-library/apn_fftfprvs_fft4_fft_130.vhd is missing
Warning (12019): Can't analyze file -- file fft-library/apn_fftfprvs_core_fft_130.vhd is missing
Warning (12019): Can't analyze file -- file fft-library/apn_fftfpbdr_top_fft_130.vhd is missing
Warning (12019): Can't analyze file -- file fft-library/apn_fftfpbdr_stage_fft_130.vhd is missing
Warning (12019): Can't analyze file -- file fft-library/apn_fftfpbdr_laststage_fft_130.vhd is missing
Warning (12019): Can't analyze file -- file fft-library/apn_fftfpbdr_firststage_fft_130.vhd is missing
Warning (12019): Can't analyze file -- file fft-library/apn_fftfpbdr_core_fft_130.vhd is missing
Warning (12019): Can't analyze file -- file fft-library/apn_fftfp_unorm_fft_130.vhd is missing
Warning (12019): Can't analyze file -- file fft-library/apn_fftfp_twiddle_opt_fft_130.vhd is missing
Warning (12019): Can't analyze file -- file fft-library/apn_fftfp_twiddle_fft_130.vhd is missing
Warning (12019): Can't analyze file -- file fft-library/apn_fftfp_top_fft_130.vhd is missing
Warning (12019): Can't analyze file -- file fft-library/apn_fftfp_sub_fft_130.vhd is missing
Warning (12019): Can't analyze file -- file fft-library/apn_fftfp_stage_fft_130.vhd is missing
Warning (12019): Can't analyze file -- file fft-library/apn_fftfp_snorm_mul_fft_130.vhd is missing
Warning (12019): Can't analyze file -- file fft-library/apn_fftfp_snorm_fft_130.vhd is missing
Warning (12019): Can't analyze file -- file fft-library/apn_fftfp_shift_fft_130.vhd is missing
Warning (12019): Can't analyze file -- file fft-library/apn_fftfp_rvsctl_fft_130.vhd is missing
Warning (12019): Can't analyze file -- file fft-library/apn_fftfp_rvs_fft_130.vhd is missing
Warning (12019): Can't analyze file -- file fft-library/apn_fftfp_rsft32_fft_130.vhd is missing
Warning (12019): Can't analyze file -- file fft-library/apn_fftfp_ram_fft_130.vhd is missing
Warning (12019): Can't analyze file -- file fft-library/apn_fftfp_mul_fft_130.vhd is missing
Warning (12019): Can't analyze file -- file fft-library/apn_fftfp_mul_2727_fft_130.vhd is missing
Warning (12019): Can't analyze file -- file fft-library/apn_fftfp_lsft32_fft_130.vhd is missing
Warning (12019): Can't analyze file -- file fft-library/apn_fftfp_laststage_fft_130.vhd is missing
Warning (12019): Can't analyze file -- file fft-library/apn_fftfp_fft4_fft_130.vhd is missing
Warning (12019): Can't analyze file -- file fft-library/apn_fftfp_dft4_fft_130.vhd is missing
Warning (12019): Can't analyze file -- file fft-library/apn_fftfp_del_fft_130.vhd is missing
Warning (12019): Can't analyze file -- file fft-library/apn_fftfp_core_fft_130.vhd is missing
Warning (12019): Can't analyze file -- file fft-library/apn_fftfp_cmplxmult_fft_130.vhd is missing
Warning (12019): Can't analyze file -- file fft-library/apn_fftfp_add_fft_130.vhd is missing
Warning (12019): Can't analyze file -- file fft-library/apn_fft_mult_cpx_fft_130.vhd is missing
Warning (12019): Can't analyze file -- file fft-library/apn_fft_mult_cpx_1825_fft_130.v is missing
Warning (12019): Can't analyze file -- file fft-library/apn_fft_mult_can_fft_130.vhd is missing
Warning (12019): Can't analyze file -- file fft-library/apn_fft_cmult_cpx_fft_130.vhd is missing
Warning (12019): Can't analyze file -- file fft-library/apn_fft_cmult_cpx2_fft_130.vhd is missing
Info (12021): Found 1 design units, including 1 entities, in source file fft_core.v
    Info (12023): Found entity 1: fft_core
Warning (12019): Can't analyze file -- file fft-library/fft_pack_fft_130.vhd is missing
Warning (12019): Can't analyze file -- file fft-library/auk_dspip_math_pkg_fft_130.vhd is missing
Warning (12019): Can't analyze file -- file fft-library/auk_dspip_lib_pkg_fft_130.vhd is missing
Warning (12019): Can't analyze file -- file fft-library/auk_dspip_text_pkg_fft_130.vhd is missing
Warning (12019): Can't analyze file -- file fft-library/auk_dspip_roundsat_fft_130.vhd is missing
Warning (12019): Can't analyze file -- file fft-library/auk_dspip_avalon_streaming_source_fft_130.vhd is missing
Warning (12019): Can't analyze file -- file fft-library/auk_dspip_avalon_streaming_sink_fft_130.vhd is missing
Warning (12019): Can't analyze file -- file fft-library/auk_dspip_avalon_streaming_controller_fft_130.vhd is missing
Warning (12019): Can't analyze file -- file fft-library/auk_dspip_fpcompiler_alufp_fft_130.vhd is missing
Warning (12019): Can't analyze file -- file fft-library/auk_dspip_fpcompiler_aslf_fft_130.vhd is missing
Warning (12019): Can't analyze file -- file fft-library/auk_dspip_fpcompiler_castftox_fft_130.vhd is missing
Warning (12019): Can't analyze file -- file fft-library/auk_dspip_fpcompiler_castxtof_fft_130.vhd is missing
Warning (12019): Can't analyze file -- file fft-library/auk_dspip_fpcompiler_clzf_fft_130.vhd is missing
Warning (12019): Can't analyze file -- file fft-library/auk_dspip_fpcompiler_mulfp_fft_130.vhd is missing
Info (12127): Elaborating entity "top" for the top level hierarchy
Info (12128): Elaborating entity "clocks" for hierarchy "clocks:u1"
Info (12128): Elaborating entity "pll" for hierarchy "clocks:u1|pll:u1"
Info (12128): Elaborating entity "altpll" for hierarchy "clocks:u1|pll:u1|altpll:altpll_component"
Info (12130): Elaborated megafunction instantiation "clocks:u1|pll:u1|altpll:altpll_component"
Info (12133): Instantiated megafunction "clocks:u1|pll:u1|altpll:altpll_component" with the following parameter:
    Info (12134): Parameter "clk0_divide_by" = "1"
    Info (12134): Parameter "clk0_duty_cycle" = "50"
    Info (12134): Parameter "clk0_multiply_by" = "2"
    Info (12134): Parameter "clk0_phase_shift" = "0"
    Info (12134): Parameter "clk1_divide_by" = "2"
    Info (12134): Parameter "clk1_duty_cycle" = "50"
    Info (12134): Parameter "clk1_multiply_by" = "3"
    Info (12134): Parameter "clk1_phase_shift" = "0"
    Info (12134): Parameter "clk2_divide_by" = "2"
    Info (12134): Parameter "clk2_duty_cycle" = "50"
    Info (12134): Parameter "clk2_multiply_by" = "1"
    Info (12134): Parameter "clk2_phase_shift" = "0"
    Info (12134): Parameter "compensate_clock" = "CLK0"
    Info (12134): Parameter "gate_lock_counter" = "1048575"
    Info (12134): Parameter "gate_lock_signal" = "YES"
    Info (12134): Parameter "inclk0_input_frequency" = "20000"
    Info (12134): Parameter "intended_device_family" = "Cyclone II"
    Info (12134): Parameter "invalid_lock_multiplier" = "5"
    Info (12134): Parameter "lpm_type" = "altpll"
    Info (12134): Parameter "operation_mode" = "NORMAL"
    Info (12134): Parameter "port_activeclock" = "PORT_UNUSED"
    Info (12134): Parameter "port_areset" = "PORT_UNUSED"
    Info (12134): Parameter "port_clkbad0" = "PORT_UNUSED"
    Info (12134): Parameter "port_clkbad1" = "PORT_UNUSED"
    Info (12134): Parameter "port_clkloss" = "PORT_UNUSED"
    Info (12134): Parameter "port_clkswitch" = "PORT_UNUSED"
    Info (12134): Parameter "port_configupdate" = "PORT_UNUSED"
    Info (12134): Parameter "port_fbin" = "PORT_UNUSED"
    Info (12134): Parameter "port_inclk0" = "PORT_USED"
    Info (12134): Parameter "port_inclk1" = "PORT_UNUSED"
    Info (12134): Parameter "port_locked" = "PORT_USED"
    Info (12134): Parameter "port_pfdena" = "PORT_UNUSED"
    Info (12134): Parameter "port_phasecounterselect" = "PORT_UNUSED"
    Info (12134): Parameter "port_phasedone" = "PORT_UNUSED"
    Info (12134): Parameter "port_phasestep" = "PORT_UNUSED"
    Info (12134): Parameter "port_phaseupdown" = "PORT_UNUSED"
    Info (12134): Parameter "port_pllena" = "PORT_UNUSED"
    Info (12134): Parameter "port_scanaclr" = "PORT_UNUSED"
    Info (12134): Parameter "port_scanclk" = "PORT_UNUSED"
    Info (12134): Parameter "port_scanclkena" = "PORT_UNUSED"
    Info (12134): Parameter "port_scandata" = "PORT_UNUSED"
    Info (12134): Parameter "port_scandataout" = "PORT_UNUSED"
    Info (12134): Parameter "port_scandone" = "PORT_UNUSED"
    Info (12134): Parameter "port_scanread" = "PORT_UNUSED"
    Info (12134): Parameter "port_scanwrite" = "PORT_UNUSED"
    Info (12134): Parameter "port_clk0" = "PORT_USED"
    Info (12134): Parameter "port_clk1" = "PORT_USED"
    Info (12134): Parameter "port_clk2" = "PORT_USED"
    Info (12134): Parameter "port_clk3" = "PORT_UNUSED"
    Info (12134): Parameter "port_clk4" = "PORT_UNUSED"
    Info (12134): Parameter "port_clk5" = "PORT_UNUSED"
    Info (12134): Parameter "port_clkena0" = "PORT_UNUSED"
    Info (12134): Parameter "port_clkena1" = "PORT_UNUSED"
    Info (12134): Parameter "port_clkena2" = "PORT_UNUSED"
    Info (12134): Parameter "port_clkena3" = "PORT_UNUSED"
    Info (12134): Parameter "port_clkena4" = "PORT_UNUSED"
    Info (12134): Parameter "port_clkena5" = "PORT_UNUSED"
    Info (12134): Parameter "port_extclk0" = "PORT_UNUSED"
    Info (12134): Parameter "port_extclk1" = "PORT_UNUSED"
    Info (12134): Parameter "port_extclk2" = "PORT_UNUSED"
    Info (12134): Parameter "port_extclk3" = "PORT_UNUSED"
    Info (12134): Parameter "valid_lock_multiplier" = "1"
Info (12128): Elaborating entity "reset_toggle" for hierarchy "reset_toggle:u2"
Info (12128): Elaborating entity "synchronizer" for hierarchy "synchronizer:u3"
Info (12128): Elaborating entity "register" for hierarchy "register:u8"
Info (12128): Elaborating entity "plus1" for hierarchy "plus1:u15"
Info (12128): Elaborating entity "add" for hierarchy "add:u16"
Info (12128): Elaborating entity "sub" for hierarchy "sub:u17"
Info (12128): Elaborating entity "mult" for hierarchy "mult:u18"
Info (12128): Elaborating entity "div" for hierarchy "div:u19"
Info (12128): Elaborating entity "bit_and" for hierarchy "bit_and:u20"
Info (12128): Elaborating entity "bit_or" for hierarchy "bit_or:u21"
Info (12128): Elaborating entity "bit_not" for hierarchy "bit_not:u22"
Info (12128): Elaborating entity "sl" for hierarchy "sl:u23"
Info (12128): Elaborating entity "sr" for hierarchy "sr:u24"
Info (12128): Elaborating entity "equal" for hierarchy "equal:u25"
Info (12128): Elaborating entity "lt" for hierarchy "lt:u26"
Info (12128): Elaborating entity "ram" for hierarchy "ram:u28"
Info (12128): Elaborating entity "altsyncram" for hierarchy "ram:u28|altsyncram:altsyncram_component"
Info (12130): Elaborated megafunction instantiation "ram:u28|altsyncram:altsyncram_component"
Info (12133): Instantiated megafunction "ram:u28|altsyncram:altsyncram_component" with the following parameter:
    Info (12134): Parameter "clock_enable_input_a" = "NORMAL"
    Info (12134): Parameter "clock_enable_output_a" = "BYPASS"
    Info (12134): Parameter "init_file" = "ram.mif"
    Info (12134): Parameter "intended_device_family" = "Cyclone II"
    Info (12134): Parameter "lpm_hint" = "ENABLE_RUNTIME_MOD=YES,INSTANCE_NAME=ram"
    Info (12134): Parameter "lpm_type" = "altsyncram"
    Info (12134): Parameter "numwords_a" = "16384"
    Info (12134): Parameter "operation_mode" = "SINGLE_PORT"
    Info (12134): Parameter "outdata_aclr_a" = "NONE"
    Info (12134): Parameter "outdata_reg_a" = "UNREGISTERED"
    Info (12134): Parameter "power_up_uninitialized" = "FALSE"
    Info (12134): Parameter "widthad_a" = "14"
    Info (12134): Parameter "width_a" = "32"
    Info (12134): Parameter "width_byteena_a" = "1"
Info (12021): Found 1 design units, including 1 entities, in source file db/altsyncram_p3h1.tdf
    Info (12023): Found entity 1: altsyncram_p3h1
Info (12128): Elaborating entity "altsyncram_p3h1" for hierarchy "ram:u28|altsyncram:altsyncram_component|altsyncram_p3h1:auto_generated"
Info (12021): Found 1 design units, including 1 entities, in source file db/altsyncram_vnc2.tdf
    Info (12023): Found entity 1: altsyncram_vnc2
Info (12128): Elaborating entity "altsyncram_vnc2" for hierarchy "ram:u28|altsyncram:altsyncram_component|altsyncram_p3h1:auto_generated|altsyncram_vnc2:altsyncram1"
Critical Warning (127003): Can't find Memory Initialization File or Hexadecimal (Intel-Format) File /afs/umich.edu/user/j/p/jpmorrow/Documents/ENGR 100/team14-project/e100_v2/ram.mif -- setting all initial values to 0
Info (12021): Found 1 design units, including 1 entities, in source file db/decode_jsa.tdf
    Info (12023): Found entity 1: decode_jsa
Info (12128): Elaborating entity "decode_jsa" for hierarchy "ram:u28|altsyncram:altsyncram_component|altsyncram_p3h1:auto_generated|altsyncram_vnc2:altsyncram1|decode_jsa:decode4"
Info (12021): Found 1 design units, including 1 entities, in source file db/decode_c8a.tdf
    Info (12023): Found entity 1: decode_c8a
Info (12128): Elaborating entity "decode_c8a" for hierarchy "ram:u28|altsyncram:altsyncram_component|altsyncram_p3h1:auto_generated|altsyncram_vnc2:altsyncram1|decode_c8a:rden_decode_b"
Info (12021): Found 1 design units, including 1 entities, in source file db/mux_gob.tdf
    Info (12023): Found entity 1: mux_gob
Info (12128): Elaborating entity "mux_gob" for hierarchy "ram:u28|altsyncram:altsyncram_component|altsyncram_p3h1:auto_generated|altsyncram_vnc2:altsyncram1|mux_gob:mux6"
Info (12128): Elaborating entity "sld_mod_ram_rom" for hierarchy "ram:u28|altsyncram:altsyncram_component|altsyncram_p3h1:auto_generated|sld_mod_ram_rom:mgl_prim2"
Info (12130): Elaborated megafunction instantiation "ram:u28|altsyncram:altsyncram_component|altsyncram_p3h1:auto_generated|sld_mod_ram_rom:mgl_prim2"
Info (12133): Instantiated megafunction "ram:u28|altsyncram:altsyncram_component|altsyncram_p3h1:auto_generated|sld_mod_ram_rom:mgl_prim2" with the following parameter:
    Info (12134): Parameter "CVALUE" = "00000000000000000000000000000000"
    Info (12134): Parameter "IS_DATA_IN_RAM" = "1"
    Info (12134): Parameter "IS_READABLE" = "1"
    Info (12134): Parameter "NODE_NAME" = "1918987520"
    Info (12134): Parameter "NUMWORDS" = "16384"
    Info (12134): Parameter "SHIFT_COUNT_BITS" = "6"
    Info (12134): Parameter "WIDTH_WORD" = "32"
    Info (12134): Parameter "WIDTHAD" = "14"
Info (12128): Elaborating entity "sld_rom_sr" for hierarchy "ram:u28|altsyncram:altsyncram_component|altsyncram_p3h1:auto_generated|sld_mod_ram_rom:mgl_prim2|sld_rom_sr:\ram_rom_logic_gen:name_gen:info_rom_sr"
Info (12128): Elaborating entity "tristate" for hierarchy "tristate:u29"
Info (12128): Elaborating entity "in_port" for hierarchy "in_port:u44"
Info (12128): Elaborating entity "synchronizer" for hierarchy "in_port:u44|synchronizer:u1"
Info (12128): Elaborating entity "out_port" for hierarchy "out_port:u45"
Info (12128): Elaborating entity "out_port" for hierarchy "out_port:u46"
Info (12128): Elaborating entity "synchronizer" for hierarchy "out_port:u46|synchronizer:u2"
Info (12128): Elaborating entity "hexdigit" for hierarchy "hexdigit:u47"
Info (12128): Elaborating entity "out_port" for hierarchy "out_port:u51"
Info (12128): Elaborating entity "synchronizer" for hierarchy "out_port:u51|synchronizer:u2"
Info (12128): Elaborating entity "timer" for hierarchy "timer:u57"
Info (12128): Elaborating entity "in_port" for hierarchy "in_port:u58"
Info (12128): Elaborating entity "synchronizer" for hierarchy "in_port:u58|synchronizer:u1"
Info (12128): Elaborating entity "lcd" for hierarchy "lcd:u59"
Info (12128): Elaborating entity "out_port" for hierarchy "out_port:u60"
Info (12128): Elaborating entity "in_port" for hierarchy "in_port:u61"
Info (12128): Elaborating entity "out_port" for hierarchy "out_port:u62"
Info (12128): Elaborating entity "synchronizer" for hierarchy "out_port:u62|synchronizer:u2"
Info (12128): Elaborating entity "ps2_keyboard" for hierarchy "ps2_keyboard:u65"
Info (12128): Elaborating entity "keyboard_ram" for hierarchy "ps2_keyboard:u65|keyboard_ram:u1"
Info (12128): Elaborating entity "altsyncram" for hierarchy "ps2_keyboard:u65|keyboard_ram:u1|altsyncram:altsyncram_component"
Info (12130): Elaborated megafunction instantiation "ps2_keyboard:u65|keyboard_ram:u1|altsyncram:altsyncram_component"
Info (12133): Instantiated megafunction "ps2_keyboard:u65|keyboard_ram:u1|altsyncram:altsyncram_component" with the following parameter:
    Info (12134): Parameter "clock_enable_input_a" = "NORMAL"
    Info (12134): Parameter "clock_enable_output_a" = "BYPASS"
    Info (12134): Parameter "intended_device_family" = "Cyclone II"
    Info (12134): Parameter "lpm_hint" = "ENABLE_RUNTIME_MOD=NO"
    Info (12134): Parameter "lpm_type" = "altsyncram"
    Info (12134): Parameter "numwords_a" = "256"
    Info (12134): Parameter "operation_mode" = "SINGLE_PORT"
    Info (12134): Parameter "outdata_aclr_a" = "NONE"
    Info (12134): Parameter "outdata_reg_a" = "UNREGISTERED"
    Info (12134): Parameter "power_up_uninitialized" = "FALSE"
    Info (12134): Parameter "widthad_a" = "8"
    Info (12134): Parameter "width_a" = "2"
    Info (12134): Parameter "width_byteena_a" = "1"
Info (12021): Found 1 design units, including 1 entities, in source file db/altsyncram_88d1.tdf
    Info (12023): Found entity 1: altsyncram_88d1
Info (12128): Elaborating entity "altsyncram_88d1" for hierarchy "ps2_keyboard:u65|keyboard_ram:u1|altsyncram:altsyncram_component|altsyncram_88d1:auto_generated"
Info (12128): Elaborating entity "scancode2ascii" for hierarchy "ps2_keyboard:u65|scancode2ascii:u2"
Info (12128): Elaborating entity "ps2_serial" for hierarchy "ps2_keyboard:u65|ps2_serial:u3"
Info (12128): Elaborating entity "ps2_serial_buf" for hierarchy "ps2_keyboard:u65|ps2_serial:u3|ps2_serial_buf:u1"
Info (12128): Elaborating entity "scfifo" for hierarchy "ps2_keyboard:u65|ps2_serial:u3|ps2_serial_buf:u1|scfifo:scfifo_component"
Info (12130): Elaborated megafunction instantiation "ps2_keyboard:u65|ps2_serial:u3|ps2_serial_buf:u1|scfifo:scfifo_component"
Info (12133): Instantiated megafunction "ps2_keyboard:u65|ps2_serial:u3|ps2_serial_buf:u1|scfifo:scfifo_component" with the following parameter:
    Info (12134): Parameter "add_ram_output_register" = "OFF"
    Info (12134): Parameter "intended_device_family" = "Cyclone II"
    Info (12134): Parameter "lpm_numwords" = "32"
    Info (12134): Parameter "lpm_showahead" = "ON"
    Info (12134): Parameter "lpm_type" = "scfifo"
    Info (12134): Parameter "lpm_width" = "8"
    Info (12134): Parameter "lpm_widthu" = "5"
    Info (12134): Parameter "overflow_checking" = "ON"
    Info (12134): Parameter "underflow_checking" = "ON"
    Info (12134): Parameter "use_eab" = "ON"
Info (12021): Found 1 design units, including 1 entities, in source file db/scfifo_e931.tdf
    Info (12023): Found entity 1: scfifo_e931
Info (12128): Elaborating entity "scfifo_e931" for hierarchy "ps2_keyboard:u65|ps2_serial:u3|ps2_serial_buf:u1|scfifo:scfifo_component|scfifo_e931:auto_generated"
Info (12021): Found 1 design units, including 1 entities, in source file db/a_dpfifo_1131.tdf
    Info (12023): Found entity 1: a_dpfifo_1131
Info (12128): Elaborating entity "a_dpfifo_1131" for hierarchy "ps2_keyboard:u65|ps2_serial:u3|ps2_serial_buf:u1|scfifo:scfifo_component|scfifo_e931:auto_generated|a_dpfifo_1131:dpfifo"
Info (12021): Found 1 design units, including 1 entities, in source file db/altsyncram_3b81.tdf
    Info (12023): Found entity 1: altsyncram_3b81
Info (12128): Elaborating entity "altsyncram_3b81" for hierarchy "ps2_keyboard:u65|ps2_serial:u3|ps2_serial_buf:u1|scfifo:scfifo_component|scfifo_e931:auto_generated|a_dpfifo_1131:dpfifo|altsyncram_3b81:FIFOram"
Info (12021): Found 1 design units, including 1 entities, in source file db/cmpr_is8.tdf
    Info (12023): Found entity 1: cmpr_is8
Info (12128): Elaborating entity "cmpr_is8" for hierarchy "ps2_keyboard:u65|ps2_serial:u3|ps2_serial_buf:u1|scfifo:scfifo_component|scfifo_e931:auto_generated|a_dpfifo_1131:dpfifo|cmpr_is8:almost_full_comparer"
Info (12128): Elaborating entity "cmpr_is8" for hierarchy "ps2_keyboard:u65|ps2_serial:u3|ps2_serial_buf:u1|scfifo:scfifo_component|scfifo_e931:auto_generated|a_dpfifo_1131:dpfifo|cmpr_is8:three_comparison"
Info (12021): Found 1 design units, including 1 entities, in source file db/cntr_t9b.tdf
    Info (12023): Found entity 1: cntr_t9b
Info (12128): Elaborating entity "cntr_t9b" for hierarchy "ps2_keyboard:u65|ps2_serial:u3|ps2_serial_buf:u1|scfifo:scfifo_component|scfifo_e931:auto_generated|a_dpfifo_1131:dpfifo|cntr_t9b:rd_ptr_msb"
Info (12021): Found 1 design units, including 1 entities, in source file db/cntr_aa7.tdf
    Info (12023): Found entity 1: cntr_aa7
Info (12128): Elaborating entity "cntr_aa7" for hierarchy "ps2_keyboard:u65|ps2_serial:u3|ps2_serial_buf:u1|scfifo:scfifo_component|scfifo_e931:auto_generated|a_dpfifo_1131:dpfifo|cntr_aa7:usedw_counter"
Info (12021): Found 1 design units, including 1 entities, in source file db/cntr_u9b.tdf
    Info (12023): Found entity 1: cntr_u9b
Info (12128): Elaborating entity "cntr_u9b" for hierarchy "ps2_keyboard:u65|ps2_serial:u3|ps2_serial_buf:u1|scfifo:scfifo_component|scfifo_e931:auto_generated|a_dpfifo_1131:dpfifo|cntr_u9b:wr_ptr"
Info (12128): Elaborating entity "in_port" for hierarchy "in_port:u69"
Info (12128): Elaborating entity "sdram" for hierarchy "sdram:u70"
Info (12128): Elaborating entity "out_port" for hierarchy "out_port:u74"
Info (12128): Elaborating entity "synchronizer" for hierarchy "out_port:u74|synchronizer:u2"
Info (12128): Elaborating entity "out_port" for hierarchy "out_port:u75"
Info (12128): Elaborating entity "i2c_config" for hierarchy "i2c_config:u77"
Info (12128): Elaborating entity "speaker" for hierarchy "speaker:u78"
Info (12128): Elaborating entity "microphone" for hierarchy "microphone:u82"
Info (12128): Elaborating entity "vga" for hierarchy "vga:u86"
Info (10264): Verilog HDL Case Statement information at vga.v(250): all case item expressions in this case statement are onehot
Info (12128): Elaborating entity "out_port" for hierarchy "out_port:u90"
Info (12128): Elaborating entity "synchronizer" for hierarchy "out_port:u90|synchronizer:u2"
Info (12128): Elaborating entity "out_port" for hierarchy "out_port:u94"
Info (12128): Elaborating entity "synchronizer" for hierarchy "out_port:u94|synchronizer:u2"
Info (12128): Elaborating entity "in_port" for hierarchy "in_port:u95"
Info (12128): Elaborating entity "usb" for hierarchy "usb:u96"
Info (12128): Elaborating entity "usbram" for hierarchy "usb:u96|usbram:u23"
Info (12128): Elaborating entity "altsyncram" for hierarchy "usb:u96|usbram:u23|altsyncram:altsyncram_component"
Info (12130): Elaborated megafunction instantiation "usb:u96|usbram:u23|altsyncram:altsyncram_component"
Info (12133): Instantiated megafunction "usb:u96|usbram:u23|altsyncram:altsyncram_component" with the following parameter:
    Info (12134): Parameter "clock_enable_input_a" = "NORMAL"
    Info (12134): Parameter "clock_enable_output_a" = "BYPASS"
    Info (12134): Parameter "init_file" = "usbram.mif"
    Info (12134): Parameter "intended_device_family" = "Cyclone II"
    Info (12134): Parameter "lpm_hint" = "ENABLE_RUNTIME_MOD=NO"
    Info (12134): Parameter "lpm_type" = "altsyncram"
    Info (12134): Parameter "numwords_a" = "2048"
    Info (12134): Parameter "operation_mode" = "SINGLE_PORT"
    Info (12134): Parameter "outdata_aclr_a" = "NONE"
    Info (12134): Parameter "outdata_reg_a" = "UNREGISTERED"
    Info (12134): Parameter "power_up_uninitialized" = "FALSE"
    Info (12134): Parameter "widthad_a" = "11"
    Info (12134): Parameter "width_a" = "32"
    Info (12134): Parameter "width_byteena_a" = "1"
Info (12021): Found 1 design units, including 1 entities, in source file db/altsyncram_uef1.tdf
    Info (12023): Found entity 1: altsyncram_uef1
Info (12128): Elaborating entity "altsyncram_uef1" for hierarchy "usb:u96|usbram:u23|altsyncram:altsyncram_component|altsyncram_uef1:auto_generated"
Warning (113028): 152 out of 2048 addresses are uninitialized. The Quartus II software will initialize them to "0". There are 1 warnings found, and 1 warnings are reported.
    Warning (113027): Addresses ranging from 1896 to 2047 are not initialized
Info (12128): Elaborating entity "out_port" for hierarchy "usb:u96|out_port:u49"
Info (12128): Elaborating entity "synchronizer" for hierarchy "usb:u96|out_port:u49|synchronizer:u2"
Info (12128): Elaborating entity "out_port" for hierarchy "usb:u96|out_port:u51"
Info (12128): Elaborating entity "synchronizer" for hierarchy "usb:u96|out_port:u51|synchronizer:u2"
Info (12128): Elaborating entity "inout_port" for hierarchy "usb:u96|inout_port:u52"
Info (12128): Elaborating entity "synchronizer" for hierarchy "usb:u96|inout_port:u52|synchronizer:u4"
Info (12128): Elaborating entity "control" for hierarchy "usb:u96|control:u57"
Info (12128): Elaborating entity "in_port" for hierarchy "in_port:u106"
Info (12128): Elaborating entity "in_port" for hierarchy "in_port:u107"
Info (12128): Elaborating entity "sd" for hierarchy "sd:u109"
Info (12128): Elaborating entity "Altera_UP_SD_Card_Avalon_Interface" for hierarchy "sd:u109|Altera_UP_SD_Card_Avalon_Interface:u1"
Info (12128): Elaborating entity "Altera_UP_SD_Card_Interface" for hierarchy "sd:u109|Altera_UP_SD_Card_Avalon_Interface:u1|Altera_UP_SD_Card_Interface:SD_Card_Port"
Info (12128): Elaborating entity "Altera_UP_SD_Card_48_bit_Command_Generator" for hierarchy "sd:u109|Altera_UP_SD_Card_Avalon_Interface:u1|Altera_UP_SD_Card_Interface:SD_Card_Port|Altera_UP_SD_Card_48_bit_Command_Generator:command_generator"
Info (12128): Elaborating entity "Altera_UP_SD_CRC7_Generator" for hierarchy "sd:u109|Altera_UP_SD_Card_Avalon_Interface:u1|Altera_UP_SD_Card_Interface:SD_Card_Port|Altera_UP_SD_Card_48_bit_Command_Generator:command_generator|Altera_UP_SD_CRC7_Generator:CRC7_Gen"
Info (12128): Elaborating entity "Altera_UP_SD_Card_Response_Receiver" for hierarchy "sd:u109|Altera_UP_SD_Card_Avalon_Interface:u1|Altera_UP_SD_Card_Interface:SD_Card_Port|Altera_UP_SD_Card_Response_Receiver:response_receiver"
Info (12128): Elaborating entity "Altera_UP_SD_Card_Control_FSM" for hierarchy "sd:u109|Altera_UP_SD_Card_Avalon_Interface:u1|Altera_UP_SD_Card_Interface:SD_Card_Port|Altera_UP_SD_Card_Control_FSM:control_FSM"
Info (12128): Elaborating entity "Altera_UP_SD_Card_Clock" for hierarchy "sd:u109|Altera_UP_SD_Card_Avalon_Interface:u1|Altera_UP_SD_Card_Interface:SD_Card_Port|Altera_UP_SD_Card_Clock:clock_generator"
Info (12128): Elaborating entity "Altera_UP_SD_Signal_Trigger" for hierarchy "sd:u109|Altera_UP_SD_Card_Avalon_Interface:u1|Altera_UP_SD_Card_Interface:SD_Card_Port|Altera_UP_SD_Signal_Trigger:SD_clock_pulse_trigger"
Info (12128): Elaborating entity "Altera_UP_SD_Card_Buffer" for hierarchy "sd:u109|Altera_UP_SD_Card_Avalon_Interface:u1|Altera_UP_SD_Card_Interface:SD_Card_Port|Altera_UP_SD_Card_Buffer:data_line"
Info (12128): Elaborating entity "Altera_UP_SD_CRC16_Generator" for hierarchy "sd:u109|Altera_UP_SD_Card_Avalon_Interface:u1|Altera_UP_SD_Card_Interface:SD_Card_Port|Altera_UP_SD_Card_Buffer:data_line|Altera_UP_SD_CRC16_Generator:crc16_checker"
Info (12128): Elaborating entity "Altera_UP_SD_Card_Memory_Block" for hierarchy "sd:u109|Altera_UP_SD_Card_Avalon_Interface:u1|Altera_UP_SD_Card_Interface:SD_Card_Port|Altera_UP_SD_Card_Buffer:data_line|Altera_UP_SD_Card_Memory_Block:packet_memory"
Info (12128): Elaborating entity "altsyncram" for hierarchy "sd:u109|Altera_UP_SD_Card_Avalon_Interface:u1|Altera_UP_SD_Card_Interface:SD_Card_Port|Altera_UP_SD_Card_Buffer:data_line|Altera_UP_SD_Card_Memory_Block:packet_memory|altsyncram:altsyncram_component"
Info (12130): Elaborated megafunction instantiation "sd:u109|Altera_UP_SD_Card_Avalon_Interface:u1|Altera_UP_SD_Card_Interface:SD_Card_Port|Altera_UP_SD_Card_Buffer:data_line|Altera_UP_SD_Card_Memory_Block:packet_memory|altsyncram:altsyncram_component"
Info (12133): Instantiated megafunction "sd:u109|Altera_UP_SD_Card_Avalon_Interface:u1|Altera_UP_SD_Card_Interface:SD_Card_Port|Altera_UP_SD_Card_Buffer:data_line|Altera_UP_SD_Card_Memory_Block:packet_memory|altsyncram:altsyncram_component" with the following parameter:
    Info (12134): Parameter "address_reg_b" = "CLOCK1"
    Info (12134): Parameter "clock_enable_input_a" = "NORMAL"
    Info (12134): Parameter "clock_enable_input_b" = "NORMAL"
    Info (12134): Parameter "clock_enable_output_a" = "BYPASS"
    Info (12134): Parameter "clock_enable_output_b" = "BYPASS"
    Info (12134): Parameter "indata_reg_b" = "CLOCK1"
    Info (12134): Parameter "init_file" = "initial_data.mif"
    Info (12134): Parameter "init_file_layout" = "PORT_A"
    Info (12134): Parameter "intended_device_family" = "Cyclone II"
    Info (12134): Parameter "lpm_type" = "altsyncram"
    Info (12134): Parameter "numwords_a" = "256"
    Info (12134): Parameter "numwords_b" = "4096"
    Info (12134): Parameter "operation_mode" = "BIDIR_DUAL_PORT"
    Info (12134): Parameter "outdata_aclr_a" = "NONE"
    Info (12134): Parameter "outdata_aclr_b" = "NONE"
    Info (12134): Parameter "outdata_reg_a" = "UNREGISTERED"
    Info (12134): Parameter "outdata_reg_b" = "UNREGISTERED"
    Info (12134): Parameter "power_up_uninitialized" = "FALSE"
    Info (12134): Parameter "widthad_a" = "8"
    Info (12134): Parameter "widthad_b" = "12"
    Info (12134): Parameter "width_a" = "16"
    Info (12134): Parameter "width_b" = "1"
    Info (12134): Parameter "width_byteena_a" = "1"
    Info (12134): Parameter "width_byteena_b" = "1"
    Info (12134): Parameter "wrcontrol_wraddress_reg_b" = "CLOCK1"
Info (12021): Found 1 design units, including 1 entities, in source file db/altsyncram_pr92.tdf
    Info (12023): Found entity 1: altsyncram_pr92
Info (12128): Elaborating entity "altsyncram_pr92" for hierarchy "sd:u109|Altera_UP_SD_Card_Avalon_Interface:u1|Altera_UP_SD_Card_Interface:SD_Card_Port|Altera_UP_SD_Card_Buffer:data_line|Altera_UP_SD_Card_Memory_Block:packet_memory|altsyncram:altsyncram_component|altsyncram_pr92:auto_generated"
Critical Warning (127003): Can't find Memory Initialization File or Hexadecimal (Intel-Format) File /afs/umich.edu/user/j/p/jpmorrow/Documents/ENGR 100/team14-project/e100_v2/initial_data.mif -- setting all initial values to 0
Info (12128): Elaborating entity "out_port" for hierarchy "out_port:u113"
Info (12128): Elaborating entity "synchronizer" for hierarchy "out_port:u113|synchronizer:u2"
Info (12128): Elaborating entity "serial_receive" for hierarchy "serial_receive:u116"
Info (12128): Elaborating entity "serial_receive_fifo" for hierarchy "serial_receive:u116|serial_receive_fifo:u1"
Info (12128): Elaborating entity "scfifo" for hierarchy "serial_receive:u116|serial_receive_fifo:u1|scfifo:scfifo_component"
Info (12130): Elaborated megafunction instantiation "serial_receive:u116|serial_receive_fifo:u1|scfifo:scfifo_component"
Info (12133): Instantiated megafunction "serial_receive:u116|serial_receive_fifo:u1|scfifo:scfifo_component" with the following parameter:
    Info (12134): Parameter "add_ram_output_register" = "OFF"
    Info (12134): Parameter "intended_device_family" = "Cyclone II"
    Info (12134): Parameter "lpm_numwords" = "1024"
    Info (12134): Parameter "lpm_showahead" = "OFF"
    Info (12134): Parameter "lpm_type" = "scfifo"
    Info (12134): Parameter "lpm_width" = "8"
    Info (12134): Parameter "lpm_widthu" = "10"
    Info (12134): Parameter "overflow_checking" = "ON"
    Info (12134): Parameter "underflow_checking" = "ON"
    Info (12134): Parameter "use_eab" = "ON"
Info (12021): Found 1 design units, including 1 entities, in source file db/scfifo_qg31.tdf
    Info (12023): Found entity 1: scfifo_qg31
Info (12128): Elaborating entity "scfifo_qg31" for hierarchy "serial_receive:u116|serial_receive_fifo:u1|scfifo:scfifo_component|scfifo_qg31:auto_generated"
Info (12021): Found 1 design units, including 1 entities, in source file db/a_dpfifo_d831.tdf
    Info (12023): Found entity 1: a_dpfifo_d831
Info (12128): Elaborating entity "a_dpfifo_d831" for hierarchy "serial_receive:u116|serial_receive_fifo:u1|scfifo:scfifo_component|scfifo_qg31:auto_generated|a_dpfifo_d831:dpfifo"
Info (12021): Found 1 design units, including 1 entities, in source file db/a_fefifo_kae.tdf
    Info (12023): Found entity 1: a_fefifo_kae
Info (12128): Elaborating entity "a_fefifo_kae" for hierarchy "serial_receive:u116|serial_receive_fifo:u1|scfifo:scfifo_component|scfifo_qg31:auto_generated|a_dpfifo_d831:dpfifo|a_fefifo_kae:fifo_state"
Info (12021): Found 1 design units, including 1 entities, in source file db/cntr_op7.tdf
    Info (12023): Found entity 1: cntr_op7
Info (12128): Elaborating entity "cntr_op7" for hierarchy "serial_receive:u116|serial_receive_fifo:u1|scfifo:scfifo_component|scfifo_qg31:auto_generated|a_dpfifo_d831:dpfifo|a_fefifo_kae:fifo_state|cntr_op7:count_usedw"
Info (12021): Found 1 design units, including 1 entities, in source file db/dpram_r311.tdf
    Info (12023): Found entity 1: dpram_r311
Info (12128): Elaborating entity "dpram_r311" for hierarchy "serial_receive:u116|serial_receive_fifo:u1|scfifo:scfifo_component|scfifo_qg31:auto_generated|a_dpfifo_d831:dpfifo|dpram_r311:FIFOram"
Info (12021): Found 1 design units, including 1 entities, in source file db/altsyncram_c3k1.tdf
    Info (12023): Found entity 1: altsyncram_c3k1
Info (12128): Elaborating entity "altsyncram_c3k1" for hierarchy "serial_receive:u116|serial_receive_fifo:u1|scfifo:scfifo_component|scfifo_qg31:auto_generated|a_dpfifo_d831:dpfifo|dpram_r311:FIFOram|altsyncram_c3k1:altsyncram1"
Info (12021): Found 1 design units, including 1 entities, in source file db/cntr_cpb.tdf
    Info (12023): Found entity 1: cntr_cpb
Info (12128): Elaborating entity "cntr_cpb" for hierarchy "serial_receive:u116|serial_receive_fifo:u1|scfifo:scfifo_component|scfifo_qg31:auto_generated|a_dpfifo_d831:dpfifo|cntr_cpb:rd_ptr_count"
Info (12128): Elaborating entity "serial_send" for hierarchy "serial_send:u120"
Info (12128): Elaborating entity "camera" for hierarchy "camera:u124"
Info (12128): Elaborating entity "YCbCr2RGB" for hierarchy "camera:u124|YCbCr2RGB:cnv"
Warning (10230): Verilog HDL assignment warning at YCbCr2RGB.v(113): truncated value with size 27 to match size of target (20)
Warning (10230): Verilog HDL assignment warning at YCbCr2RGB.v(114): truncated value with size 27 to match size of target (20)
Warning (10230): Verilog HDL assignment warning at YCbCr2RGB.v(115): truncated value with size 27 to match size of target (20)
Info (12128): Elaborating entity "MAC_3" for hierarchy "camera:u124|YCbCr2RGB:cnv|MAC_3:u0"
Info (12128): Elaborating entity "altmult_add" for hierarchy "camera:u124|YCbCr2RGB:cnv|MAC_3:u0|altmult_add:ALTMULT_ADD_component"
Info (12130): Elaborated megafunction instantiation "camera:u124|YCbCr2RGB:cnv|MAC_3:u0|altmult_add:ALTMULT_ADD_component"
Info (12133): Instantiated megafunction "camera:u124|YCbCr2RGB:cnv|MAC_3:u0|altmult_add:ALTMULT_ADD_component" with the following parameter:
    Info (12134): Parameter "addnsub_multiplier_aclr1" = "ACLR0"
    Info (12134): Parameter "addnsub_multiplier_pipeline_aclr1" = "ACLR0"
    Info (12134): Parameter "addnsub_multiplier_pipeline_register1" = "CLOCK0"
    Info (12134): Parameter "addnsub_multiplier_register1" = "CLOCK0"
    Info (12134): Parameter "dedicated_multiplier_circuitry" = "AUTO"
    Info (12134): Parameter "input_aclr_a0" = "ACLR0"
    Info (12134): Parameter "input_aclr_a1" = "ACLR0"
    Info (12134): Parameter "input_aclr_a2" = "ACLR0"
    Info (12134): Parameter "input_aclr_b0" = "ACLR0"
    Info (12134): Parameter "input_aclr_b1" = "ACLR0"
    Info (12134): Parameter "input_aclr_b2" = "ACLR0"
    Info (12134): Parameter "input_register_a0" = "CLOCK0"
    Info (12134): Parameter "input_register_a1" = "CLOCK0"
    Info (12134): Parameter "input_register_a2" = "CLOCK0"
    Info (12134): Parameter "input_register_b0" = "CLOCK0"
    Info (12134): Parameter "input_register_b1" = "CLOCK0"
    Info (12134): Parameter "input_register_b2" = "CLOCK0"
    Info (12134): Parameter "input_source_a0" = "DATAA"
    Info (12134): Parameter "input_source_a1" = "DATAA"
    Info (12134): Parameter "input_source_a2" = "DATAA"
    Info (12134): Parameter "input_source_b0" = "DATAB"
    Info (12134): Parameter "input_source_b1" = "DATAB"
    Info (12134): Parameter "input_source_b2" = "DATAB"
    Info (12134): Parameter "intended_device_family" = "Cyclone IV E"
    Info (12134): Parameter "lpm_type" = "altmult_add"
    Info (12134): Parameter "multiplier1_direction" = "ADD"
    Info (12134): Parameter "multiplier_aclr0" = "ACLR0"
    Info (12134): Parameter "multiplier_aclr1" = "ACLR0"
    Info (12134): Parameter "multiplier_aclr2" = "ACLR0"
    Info (12134): Parameter "multiplier_register0" = "CLOCK0"
    Info (12134): Parameter "multiplier_register1" = "CLOCK0"
    Info (12134): Parameter "multiplier_register2" = "CLOCK0"
    Info (12134): Parameter "number_of_multipliers" = "3"
    Info (12134): Parameter "output_aclr" = "ACLR0"
    Info (12134): Parameter "output_register" = "CLOCK0"
    Info (12134): Parameter "port_addnsub1" = "PORT_UNUSED"
    Info (12134): Parameter "port_signa" = "PORT_UNUSED"
    Info (12134): Parameter "port_signb" = "PORT_UNUSED"
    Info (12134): Parameter "representation_a" = "UNSIGNED"
    Info (12134): Parameter "representation_b" = "SIGNED"
    Info (12134): Parameter "signed_aclr_a" = "ACLR0"
    Info (12134): Parameter "signed_aclr_b" = "ACLR0"
    Info (12134): Parameter "signed_pipeline_aclr_a" = "ACLR0"
    Info (12134): Parameter "signed_pipeline_aclr_b" = "ACLR0"
    Info (12134): Parameter "signed_pipeline_register_a" = "CLOCK0"
    Info (12134): Parameter "signed_pipeline_register_b" = "CLOCK0"
    Info (12134): Parameter "signed_register_a" = "CLOCK0"
    Info (12134): Parameter "signed_register_b" = "CLOCK0"
    Info (12134): Parameter "width_a" = "8"
    Info (12134): Parameter "width_b" = "17"
    Info (12134): Parameter "width_result" = "27"
Info (12021): Found 1 design units, including 1 entities, in source file db/mult_add_mj74.tdf
    Info (12023): Found entity 1: mult_add_mj74
Info (12128): Elaborating entity "mult_add_mj74" for hierarchy "camera:u124|YCbCr2RGB:cnv|MAC_3:u0|altmult_add:ALTMULT_ADD_component|mult_add_mj74:auto_generated"
Info (12021): Found 1 design units, including 1 entities, in source file db/ded_mult_ag91.tdf
    Info (12023): Found entity 1: ded_mult_ag91
Info (12128): Elaborating entity "ded_mult_ag91" for hierarchy "camera:u124|YCbCr2RGB:cnv|MAC_3:u0|altmult_add:ALTMULT_ADD_component|mult_add_mj74:auto_generated|ded_mult_ag91:ded_mult1"
Info (12021): Found 1 design units, including 1 entities, in source file db/dffpipe_b3c.tdf
    Info (12023): Found entity 1: dffpipe_b3c
Info (12128): Elaborating entity "dffpipe_b3c" for hierarchy "camera:u124|YCbCr2RGB:cnv|MAC_3:u0|altmult_add:ALTMULT_ADD_component|mult_add_mj74:auto_generated|ded_mult_ag91:ded_mult1|dffpipe_b3c:pre_result"
Info (12128): Elaborating entity "camera_fifo" for hierarchy "camera:u124|camera_fifo:vdf1"
Info (12128): Elaborating entity "scfifo" for hierarchy "camera:u124|camera_fifo:vdf1|scfifo:scfifo_component"
Info (12130): Elaborated megafunction instantiation "camera:u124|camera_fifo:vdf1|scfifo:scfifo_component"
Info (12133): Instantiated megafunction "camera:u124|camera_fifo:vdf1|scfifo:scfifo_component" with the following parameter:
    Info (12134): Parameter "add_ram_output_register" = "OFF"
    Info (12134): Parameter "intended_device_family" = "Cyclone II"
    Info (12134): Parameter "lpm_numwords" = "64"
    Info (12134): Parameter "lpm_showahead" = "OFF"
    Info (12134): Parameter "lpm_type" = "scfifo"
    Info (12134): Parameter "lpm_width" = "35"
    Info (12134): Parameter "lpm_widthu" = "6"
    Info (12134): Parameter "overflow_checking" = "ON"
    Info (12134): Parameter "underflow_checking" = "ON"
    Info (12134): Parameter "use_eab" = "ON"
Info (12021): Found 1 design units, including 1 entities, in source file db/scfifo_2e31.tdf
    Info (12023): Found entity 1: scfifo_2e31
Info (12128): Elaborating entity "scfifo_2e31" for hierarchy "camera:u124|camera_fifo:vdf1|scfifo:scfifo_component|scfifo_2e31:auto_generated"
Info (12021): Found 1 design units, including 1 entities, in source file db/a_dpfifo_l531.tdf
    Info (12023): Found entity 1: a_dpfifo_l531
Info (12128): Elaborating entity "a_dpfifo_l531" for hierarchy "camera:u124|camera_fifo:vdf1|scfifo:scfifo_component|scfifo_2e31:auto_generated|a_dpfifo_l531:dpfifo"
Info (12021): Found 1 design units, including 1 entities, in source file db/a_fefifo_c6e.tdf
    Info (12023): Found entity 1: a_fefifo_c6e
Info (12128): Elaborating entity "a_fefifo_c6e" for hierarchy "camera:u124|camera_fifo:vdf1|scfifo:scfifo_component|scfifo_2e31:auto_generated|a_dpfifo_l531:dpfifo|a_fefifo_c6e:fifo_state"
Info (12021): Found 1 design units, including 1 entities, in source file db/cntr_do7.tdf
    Info (12023): Found entity 1: cntr_do7
Info (12128): Elaborating entity "cntr_do7" for hierarchy "camera:u124|camera_fifo:vdf1|scfifo:scfifo_component|scfifo_2e31:auto_generated|a_dpfifo_l531:dpfifo|a_fefifo_c6e:fifo_state|cntr_do7:count_usedw"
Info (12021): Found 1 design units, including 1 entities, in source file db/dpram_0411.tdf
    Info (12023): Found entity 1: dpram_0411
Info (12128): Elaborating entity "dpram_0411" for hierarchy "camera:u124|camera_fifo:vdf1|scfifo:scfifo_component|scfifo_2e31:auto_generated|a_dpfifo_l531:dpfifo|dpram_0411:FIFOram"
Info (12021): Found 1 design units, including 1 entities, in source file db/altsyncram_u3k1.tdf
    Info (12023): Found entity 1: altsyncram_u3k1
Info (12128): Elaborating entity "altsyncram_u3k1" for hierarchy "camera:u124|camera_fifo:vdf1|scfifo:scfifo_component|scfifo_2e31:auto_generated|a_dpfifo_l531:dpfifo|dpram_0411:FIFOram|altsyncram_u3k1:altsyncram1"
Info (12021): Found 1 design units, including 1 entities, in source file db/cntr_1ob.tdf
    Info (12023): Found entity 1: cntr_1ob
Info (12128): Elaborating entity "cntr_1ob" for hierarchy "camera:u124|camera_fifo:vdf1|scfifo:scfifo_component|scfifo_2e31:auto_generated|a_dpfifo_l531:dpfifo|cntr_1ob:rd_ptr_count"
Info (12128): Elaborating entity "fft" for hierarchy "fft:u131"
Info (12128): Elaborating entity "fft_core" for hierarchy "fft:u131|fft_core:core"
Error (12006): Node instance "asj_fft_si_de_so_b_fft_130_inst" instantiates undefined entity "asj_fft_si_de_so_b_fft_130" File: /afs/umich.edu/user/j/p/jpmorrow/Documents/ENGR 100/team14-project/e100_v2/fft_core.v Line: 92
Error: Quartus II 32-bit Analysis & Synthesis was unsuccessful. 1 error, 163 warnings
    Error: Peak virtual memory: 410 megabytes
    Error: Processing ended: Thu Apr 16 10:42:08 2015
    Error: Elapsed time: 00:00:22
    Error: Total CPU time (on all processors): 00:00:10


